[2026/04/26 ЦЬИХ 16:42:02.10] ========================================
[2026/04/26 ЦЬИХ 16:42:02.10] ttyd doctor started
[2026/04/26 ЦЬИХ 16:42:02.11] workdir: C:\Users\Administrator\Desktop\ЕЈВнnmer\
[2026/04/26 ЦЬИХ 16:42:02.11] ========================================
[2026/04/26 ЦЬИХ 16:42:02.15] [OK] Running as administrator.
[2026/04/26 ЦЬИХ 16:42:02.15] [OK] Found ttyd.exe.
[2026/04/26 ЦЬИХ 16:42:02.35] [WARN] AutoHotkey not found in PATH. CursorHelper may not auto-start ttyd.
[2026/04/26 ЦЬИХ 16:42:02.55] [OK] No Zone.Identifier stream found.
[2026/04/26 ЦЬИХ 16:42:03.50] [OK] Port 7681 is free.
[2026/04/26 ЦЬИХ 16:42:03.51] [INFO] Starting ttyd...
[е‘Ёж—Ґ 2026/04/26 16:42:05.05] ========================================
[е‘Ёж—Ґ 2026/04/26 16:42:05.05] ttyd doctor started
[е‘Ёж—Ґ 2026/04/26 16:42:05.06] workdir: C:\Users\Administrator\Desktop\з‰›й©¬nmer\
[е‘Ёж—Ґ 2026/04/26 16:42:05.06] ========================================
[е‘Ёж—Ґ 2026/04/26 16:42:05.08] [OK] Running as administrator.
[е‘Ёж—Ґ 2026/04/26 16:42:05.09] [OK] Found ttyd.exe.
[е‘Ёж—Ґ 2026/04/26 16:42:05.29] [WARN] AutoHotkey not found in PATH. CursorHelper may not auto-start ttyd.
[е‘Ёж—Ґ 2026/04/26 16:42:05.47] [OK] No Zone.Identifier stream found.
[е‘Ёж—Ґ 2026/04/26 16:42:06.32] [OK] Port 7681 is free.
[е‘Ёж—Ґ 2026/04/26 16:42:06.32] [INFO] Starting ttyd...
[е‘Ёж—Ґ 2026/04/26 16:42:17.03] [ERROR] ttyd did not become ready within timeout.
[е‘Ёж—Ґ 2026/04/26 16:42:17.03] [HINT] Check antivirus/defender block list and run ttyd_debug.bat for verbose output.
[е‘Ёж—Ґ 2026/04/26 16:42:17.03] [DONE] Repair finished with errors.
[е‘Ёж—Ґ 2026/04/26 16:42:17.04] [LOG ] C:\Users\Administrator\Desktop\з‰›й©¬nmer\ttyd_repair.log
[е‘Ёж—Ґ 2026/04/26 16:42:37.96] ========================================
[е‘Ёж—Ґ 2026/04/26 16:42:37.96] ttyd doctor started
[е‘Ёж—Ґ 2026/04/26 16:42:37.96] workdir: C:\Users\Administrator\Desktop\з‰›й©¬nmer\
[е‘Ёж—Ґ 2026/04/26 16:42:37.96] ========================================
[е‘Ёж—Ґ 2026/04/26 16:42:37.99] [OK] Running as administrator.
[е‘Ёж—Ґ 2026/04/26 16:42:37.99] [OK] Found ttyd.exe.
[е‘Ёж—Ґ 2026/04/26 16:42:38.19] [WARN] AutoHotkey not found in PATH. CursorHelper may not auto-start ttyd.
[е‘Ёж—Ґ 2026/04/26 16:42:38.38] [OK] No Zone.Identifier stream found.
[е‘Ёж—Ґ 2026/04/26 16:42:39.24] [OK] Port 7681 is free.
[е‘Ёж—Ґ 2026/04/26 16:42:39.24] [INFO] Starting ttyd...
[е‘Ёж—Ґ 2026/04/26 16:42:49.69] [ERROR] ttyd did not become ready within timeout.
[е‘Ёж—Ґ 2026/04/26 16:42:49.70] [HINT] Check antivirus/defender block list and run ttyd_debug.bat for verbose output.
[е‘Ёж—Ґ 2026/04/26 16:42:49.70] [DONE] Repair finished with errors.
[е‘Ёж—Ґ 2026/04/26 16:42:49.70] [LOG ] C:\Users\Administrator\Desktop\з‰›й©¬nmer\ttyd_repair.log
